  Server.cpp
C:\Users\user\Desktop\seyoung\git\NGP-TermProject\Server\NGPProjectServer\NGPProjectServer\Server.cpp(26,2): warning C4091: 'typedef ': 변수를 선언하지 않으면 'Position' 왼쪽은 무시됩니다.
C:\Users\user\Desktop\seyoung\git\NGP-TermProject\Server\NGPProjectServer\NGPProjectServer\Server.cpp(35,2): warning C4091: 'typedef ': 변수를 선언하지 않으면 'Player' 왼쪽은 무시됩니다.
C:\Users\user\Desktop\seyoung\git\NGP-TermProject\Server\NGPProjectServer\NGPProjectServer\Server.cpp(42,2): warning C4091: 'typedef ': 변수를 선언하지 않으면 'Enemy' 왼쪽은 무시됩니다.
C:\Users\user\Desktop\seyoung\git\NGP-TermProject\Server\NGPProjectServer\NGPProjectServer\Server.cpp(583,49): warning C4244: '=': 'int'에서 'float'(으)로 변환하면서 데이터가 손실될 수 있습니다.
C:\Users\user\Desktop\seyoung\git\NGP-TermProject\Server\NGPProjectServer\NGPProjectServer\Server.cpp(593,45): warning C4244: '=': 'int'에서 'float'(으)로 변환하면서 데이터가 손실될 수 있습니다.
C:\Users\user\Desktop\seyoung\git\NGP-TermProject\Server\NGPProjectServer\NGPProjectServer\Server.cpp(606,45): warning C4244: '=': 'int'에서 'float'(으)로 변환하면서 데이터가 손실될 수 있습니다.
C:\Users\user\Desktop\seyoung\git\NGP-TermProject\Server\NGPProjectServer\NGPProjectServer\Server.cpp(618,46): warning C4244: '=': 'int'에서 'float'(으)로 변환하면서 데이터가 손실될 수 있습니다.
C:\Users\user\Desktop\seyoung\git\NGP-TermProject\Server\NGPProjectServer\NGPProjectServer\Server.cpp(631,45): warning C4244: '=': 'int'에서 'float'(으)로 변환하면서 데이터가 손실될 수 있습니다.
C:\Users\user\Desktop\seyoung\git\NGP-TermProject\Server\NGPProjectServer\NGPProjectServer\Server.cpp(641,46): warning C4244: '=': 'int'에서 'float'(으)로 변환하면서 데이터가 손실될 수 있습니다.
C:\Users\user\Desktop\seyoung\git\NGP-TermProject\Server\NGPProjectServer\NGPProjectServer\Server.cpp(691,52): warning C4244: '=': 'int'에서 'float'(으)로 변환하면서 데이터가 손실될 수 있습니다.
C:\Users\user\Desktop\seyoung\git\NGP-TermProject\Server\NGPProjectServer\NGPProjectServer\Server.cpp(692,51): warning C4244: '=': 'int'에서 'float'(으)로 변환하면서 데이터가 손실될 수 있습니다.
C:\Users\user\Desktop\seyoung\git\NGP-TermProject\Server\NGPProjectServer\NGPProjectServer\Server.cpp(693,47): warning C4244: '=': 'int'에서 'float'(으)로 변환하면서 데이터가 손실될 수 있습니다.
C:\Users\user\Desktop\seyoung\git\NGP-TermProject\Server\NGPProjectServer\NGPProjectServer\Server.cpp(694,51): warning C4244: '=': 'int'에서 'float'(으)로 변환하면서 데이터가 손실될 수 있습니다.
C:\Users\user\Desktop\seyoung\git\NGP-TermProject\Server\NGPProjectServer\NGPProjectServer\Server.cpp(701,52): warning C4244: '=': 'int'에서 'float'(으)로 변환하면서 데이터가 손실될 수 있습니다.
C:\Users\user\Desktop\seyoung\git\NGP-TermProject\Server\NGPProjectServer\NGPProjectServer\Server.cpp(702,51): warning C4244: '=': 'int'에서 'float'(으)로 변환하면서 데이터가 손실될 수 있습니다.
C:\Users\user\Desktop\seyoung\git\NGP-TermProject\Server\NGPProjectServer\NGPProjectServer\Server.cpp(703,47): warning C4244: '=': 'int'에서 'float'(으)로 변환하면서 데이터가 손실될 수 있습니다.
C:\Users\user\Desktop\seyoung\git\NGP-TermProject\Server\NGPProjectServer\NGPProjectServer\Server.cpp(704,51): warning C4244: '=': 'int'에서 'float'(으)로 변환하면서 데이터가 손실될 수 있습니다.
C:\Users\user\Desktop\seyoung\git\NGP-TermProject\Server\NGPProjectServer\NGPProjectServer\Server.cpp(768,50): warning C4244: '=': 'int'에서 'float'(으)로 변환하면서 데이터가 손실될 수 있습니다.
C:\Users\user\Desktop\seyoung\git\NGP-TermProject\Server\NGPProjectServer\NGPProjectServer\Server.cpp(787,46): warning C4244: '=': 'int'에서 'float'(으)로 변환하면서 데이터가 손실될 수 있습니다.
C:\Users\user\Desktop\seyoung\git\NGP-TermProject\Server\NGPProjectServer\NGPProjectServer\Server.cpp(797,46): warning C4244: '=': 'int'에서 'float'(으)로 변환하면서 데이터가 손실될 수 있습니다.
C:\Users\user\Desktop\seyoung\git\NGP-TermProject\Server\NGPProjectServer\NGPProjectServer\Server.cpp(807,50): warning C4244: '=': 'int'에서 'float'(으)로 변환하면서 데이터가 손실될 수 있습니다.
C:\Users\user\Desktop\seyoung\git\NGP-TermProject\Server\NGPProjectServer\NGPProjectServer\Server.cpp(817,50): warning C4244: '=': 'int'에서 'float'(으)로 변환하면서 데이터가 손실될 수 있습니다.
C:\Users\user\Desktop\seyoung\git\NGP-TermProject\Server\NGPProjectServer\NGPProjectServer\Server.cpp(827,50): warning C4244: '=': 'int'에서 'float'(으)로 변환하면서 데이터가 손실될 수 있습니다.
C:\Users\user\Desktop\seyoung\git\NGP-TermProject\Server\NGPProjectServer\NGPProjectServer\Server.cpp(837,50): warning C4244: '=': 'int'에서 'float'(으)로 변환하면서 데이터가 손실될 수 있습니다.
C:\Users\user\Desktop\seyoung\git\NGP-TermProject\Server\NGPProjectServer\NGPProjectServer\Server.cpp(847,50): warning C4244: '=': 'int'에서 'float'(으)로 변환하면서 데이터가 손실될 수 있습니다.
C:\Users\user\Desktop\seyoung\git\NGP-TermProject\Server\NGPProjectServer\NGPProjectServer\Server.cpp(857,50): warning C4244: '=': 'int'에서 'float'(으)로 변환하면서 데이터가 손실될 수 있습니다.
C:\Users\user\Desktop\seyoung\git\NGP-TermProject\Server\NGPProjectServer\NGPProjectServer\Server.cpp(870,42): warning C4244: '=': 'int'에서 'float'(으)로 변환하면서 데이터가 손실될 수 있습니다.
C:\Users\user\Desktop\seyoung\git\NGP-TermProject\Server\NGPProjectServer\NGPProjectServer\Server.cpp(888,42): warning C4244: '=': 'int'에서 'float'(으)로 변환하면서 데이터가 손실될 수 있습니다.
C:\Users\user\Desktop\seyoung\git\NGP-TermProject\Server\NGPProjectServer\NGPProjectServer\Server.cpp(906,42): warning C4244: '=': 'int'에서 'float'(으)로 변환하면서 데이터가 손실될 수 있습니다.
C:\Users\user\Desktop\seyoung\git\NGP-TermProject\Server\NGPProjectServer\NGPProjectServer\Server.cpp(924,42): warning C4244: '=': 'int'에서 'float'(으)로 변환하면서 데이터가 손실될 수 있습니다.
C:\Users\user\Desktop\seyoung\git\NGP-TermProject\Server\NGPProjectServer\NGPProjectServer\Server.cpp(944,45): warning C4244: '=': 'int'에서 'float'(으)로 변환하면서 데이터가 손실될 수 있습니다.
C:\Users\user\Desktop\seyoung\git\NGP-TermProject\Server\NGPProjectServer\NGPProjectServer\Server.cpp(954,46): warning C4244: '=': 'int'에서 'float'(으)로 변환하면서 데이터가 손실될 수 있습니다.
C:\Users\user\Desktop\seyoung\git\NGP-TermProject\Server\NGPProjectServer\NGPProjectServer\Server.cpp(964,49): warning C4244: '=': 'int'에서 'float'(으)로 변환하면서 데이터가 손실될 수 있습니다.
C:\Users\user\Desktop\seyoung\git\NGP-TermProject\Server\NGPProjectServer\NGPProjectServer\Server.cpp(974,50): warning C4244: '=': 'int'에서 'float'(으)로 변환하면서 데이터가 손실될 수 있습니다.
C:\Users\user\Desktop\seyoung\git\NGP-TermProject\Server\NGPProjectServer\NGPProjectServer\Server.cpp(984,49): warning C4244: '=': 'int'에서 'float'(으)로 변환하면서 데이터가 손실될 수 있습니다.
C:\Users\user\Desktop\seyoung\git\NGP-TermProject\Server\NGPProjectServer\NGPProjectServer\Server.cpp(994,50): warning C4244: '=': 'int'에서 'float'(으)로 변환하면서 데이터가 손실될 수 있습니다.
C:\Users\user\Desktop\seyoung\git\NGP-TermProject\Server\NGPProjectServer\NGPProjectServer\Server.cpp(1004,49): warning C4244: '=': 'int'에서 'float'(으)로 변환하면서 데이터가 손실될 수 있습니다.
C:\Users\user\Desktop\seyoung\git\NGP-TermProject\Server\NGPProjectServer\NGPProjectServer\Server.cpp(1014,50): warning C4244: '=': 'int'에서 'float'(으)로 변환하면서 데이터가 손실될 수 있습니다.
  NGPProjectServer.vcxproj -> C:\Users\user\Desktop\seyoung\git\NGP-TermProject\Server\NGPProjectServer\Debug\NGPProjectServer.exe
